<?xml version="1.0" encoding="UTF-8"?>
<testsuite xmlns:xsi="http://www.w3.org/2001/XMLSchema-instance" xsi:noNamespaceSchemaLocation="https://maven.apache.org/surefire/maven-surefire-plugin/xsd/surefire-test-report-3.0.xsd" version="3.0" name="TestSuite" time="0.606" tests="4" errors="0" skipped="0" failures="0">
  <properties>
[...]
</properties>
  <testcase name="IOSApps" classname="qaclickacademy.AppiumTest" time="0.008">
    <system-out><![CDATA[IOSApps
]]></system-out>
  </testcase>
  <testcase name="NativeAPpAndroid" classname="qaclickacademy.AppiumTest" time="0.001">
    <system-out><![CDATA[NativeAPpAndroid
]]></system-out>
  </testcase>
  <testcase name="BrowserAUtomation" classname="qaclickacademy.SeleniumTest" time="0.001">
    <system-out><![CDATA[BrowserAUtomation
]]></system-out>
  </testcase>
  <testcase name="elementsUi" classname="qaclickacademy.SeleniumTest" time="0.001">
    <system-out><![CDATA[elementsUi
]]></system-out>
  </testcase>
</testsuite>