<?xml version="1.0" encoding="UTF-8"?>
<testng-results skipped="0" failed="0" ignored="0" total="4" passed="4">
  <reporter-output>
  </reporter-output>
  <suite name="Suite" duration-ms="37" started-at="2022-12-06T17:53:50 IST" finished-at="2022-12-06T17:53:50 IST">
    <groups>
    </groups>
    <test name="Test" duration-ms="37" started-at="2022-12-06T17:53:50 IST" finished-at="2022-12-06T17:53:50 IST">
      <class name="qaclickacademy.AppiumTest">
        <test-method status="PASS" signature="IOSApps()[pri:0, instance:qaclickacademy.AppiumTest@694e1548]" name="IOSApps" duration-ms="5" started-at="2022-12-06T17:53:50 IST" finished-at="2022-12-06T17:53:50 IST">
          <reporter-output>
          </reporter-output>
        </test-method> <!-- IOSApps -->
        <test-method status="PASS" signature="NativeAPpAndroid()[pri:0, instance:qaclickacademy.AppiumTest@694e1548]" name="NativeAPpAndroid" duration-ms="1" started-at="2022-12-06T17:53:50 IST" finished-at="2022-12-06T17:53:50 IST">
          <reporter-output>
          </reporter-output>
        </test-method> <!-- NativeAPpAndroid -->
      </class> <!-- qaclickacademy.AppiumTest -->
      <class name="qaclickacademy.SeleniumTest">
        <test-method status="PASS" signature="BrowserAUtomation()[pri:0, instance:qaclickacademy.SeleniumTest@64729b1e]" name="BrowserAUtomation" duration-ms="1" started-at="2022-12-06T17:53:50 IST" finished-at="2022-12-06T17:53:50 IST">
          <reporter-output>
          </reporter-output>
        </test-method> <!-- BrowserAUtomation -->
        <test-method status="PASS" signature="elementsUi()[pri:0, instance:qaclickacademy.SeleniumTest@64729b1e]" name="elementsUi" duration-ms="1" started-at="2022-12-06T17:53:50 IST" finished-at="2022-12-06T17:53:50 IST">
          <reporter-output>
          </reporter-output>
        </test-method> <!-- elementsUi -->
      </class> <!-- qaclickacademy.SeleniumTest -->
    </test> <!-- Test -->
  </suite> <!-- Suite -->
</testng-results>
